scheduled-ingest	Run scheduled ingest with retry	﻿2026-02-27T00:20:03.9990348Z ##[group]Run .venv/bin/python scripts/qa/run_ingest_with_retry.py \
scheduled-ingest	Run scheduled ingest with retry	2026-02-27T00:20:03.9990837Z [36;1m.venv/bin/python scripts/qa/run_ingest_with_retry.py \[0m
scheduled-ingest	Run scheduled ingest with retry	2026-02-27T00:20:03.9991200Z [36;1m  --api-base "$API_BASE_URL" \[0m
scheduled-ingest	Run scheduled ingest with retry	2026-02-27T00:20:03.9991547Z [36;1m  --input "$INGEST_SCHEDULE_PAYLOAD" \[0m
scheduled-ingest	Run scheduled ingest with retry	2026-02-27T00:20:03.9991839Z [36;1m  --max-retries 2 \[0m
scheduled-ingest	Run scheduled ingest with retry	2026-02-27T00:20:03.9992090Z [36;1m  --backoff-seconds 1 \[0m
scheduled-ingest	Run scheduled ingest with retry	2026-02-27T00:20:03.9992340Z [36;1m  --timeout 180 \[0m
scheduled-ingest	Run scheduled ingest with retry	2026-02-27T00:20:03.9992597Z [36;1m  --timeout-scale-on-timeout 1.5 \[0m
scheduled-ingest	Run scheduled ingest with retry	2026-02-27T00:20:03.9993061Z [36;1m  --timeout-max 360 \[0m
scheduled-ingest	Run scheduled ingest with retry	2026-02-27T00:20:03.9993317Z [36;1m  --allow-partial-success \[0m
scheduled-ingest	Run scheduled ingest with retry	2026-02-27T00:20:03.9993762Z [36;1m  --classification-artifact data/ingest_schedule_failure_classification.json \[0m
scheduled-ingest	Run scheduled ingest with retry	2026-02-27T00:20:03.9994319Z [36;1m  --comment-template-path data/ingest_schedule_failure_comment_template.md \[0m
scheduled-ingest	Run scheduled ingest with retry	2026-02-27T00:20:03.9994745Z [36;1m  --dead-letter-dir data/dead_letter \[0m
scheduled-ingest	Run scheduled ingest with retry	2026-02-27T00:20:03.9995101Z [36;1m  --report data/ingest_schedule_report.json[0m
scheduled-ingest	Run scheduled ingest with retry	2026-02-27T00:20:04.0050730Z shell: /usr/bin/bash -e {0}
scheduled-ingest	Run scheduled ingest with retry	2026-02-27T00:20:04.0050995Z env:
scheduled-ingest	Run scheduled ingest with retry	2026-02-27T00:20:04.0051404Z   SUPABASE_URL: ***
scheduled-ingest	Run scheduled ingest with retry	2026-02-27T00:20:04.0051734Z   SUPABASE_SERVICE_ROLE_KEY: ***
scheduled-ingest	Run scheduled ingest with retry	2026-02-27T00:20:04.0052132Z   DATA_GO_KR_KEY: ***
scheduled-ingest	Run scheduled ingest with retry	2026-02-27T00:20:04.0052817Z   DATABASE_URL: ***
scheduled-ingest	Run scheduled ingest with retry	2026-02-27T00:20:04.0053108Z   INTERNAL_JOB_TOKEN: ***
scheduled-ingest	Run scheduled ingest with retry	2026-02-27T00:20:04.0053357Z   API_BASE_URL: http://127.0.0.1:8100
scheduled-ingest	Run scheduled ingest with retry	2026-02-27T00:20:04.0053708Z   INGEST_SCHEDULE_PAYLOAD: data/collector_live_payload.json
scheduled-ingest	Run scheduled ingest with retry	2026-02-27T00:20:04.0054113Z   pythonLocation: /opt/hostedtoolcache/Python/3.13.12/x64
scheduled-ingest	Run scheduled ingest with retry	2026-02-27T00:20:04.0054532Z   PKG_CONFIG_PATH: /opt/hostedtoolcache/Python/3.13.12/x64/lib/pkgconfig
scheduled-ingest	Run scheduled ingest with retry	2026-02-27T00:20:04.0054945Z   Python_ROOT_DIR: /opt/hostedtoolcache/Python/3.13.12/x64
scheduled-ingest	Run scheduled ingest with retry	2026-02-27T00:20:04.0055353Z   Python2_ROOT_DIR: /opt/hostedtoolcache/Python/3.13.12/x64
scheduled-ingest	Run scheduled ingest with retry	2026-02-27T00:20:04.0055715Z   Python3_ROOT_DIR: /opt/hostedtoolcache/Python/3.13.12/x64
scheduled-ingest	Run scheduled ingest with retry	2026-02-27T00:20:04.0056092Z   LD_LIBRARY_PATH: /opt/hostedtoolcache/Python/3.13.12/x64/lib
scheduled-ingest	Run scheduled ingest with retry	2026-02-27T00:20:04.0056413Z ##[endgroup]
scheduled-ingest	Run scheduled ingest with retry	2026-02-27T00:20:04.1323071Z {"channel": "ingest_runner_heartbeat", "event": "script_start", "ts": "2026-02-27T00:20:04.131971+00:00", "source_input_path": "data/collector_live_payload.json", "report_path": "data/ingest_schedule_report.json"}
scheduled-ingest	Run scheduled ingest with retry	2026-02-27T00:20:04.1325404Z {"channel": "ingest_runner_heartbeat", "ts": "2026-02-27T00:20:04.132044+00:00", "event": "run_start", "api_base_url": "http://127.0.0.1:8100", "max_attempts": 3, "max_retries": 2, "initial_request_timeout_seconds": 180.0, "timeout_max_seconds": 360.0}
scheduled-ingest	Run scheduled ingest with retry	2026-02-27T00:20:04.1327679Z {"channel": "ingest_runner_heartbeat", "ts": "2026-02-27T00:20:04.132076+00:00", "event": "attempt_start", "attempt": 1, "max_attempts": 3, "request_timeout_seconds": 180.0}
scheduled-ingest	Run scheduled ingest with retry	2026-02-27T00:20:34.1328561Z {"channel": "ingest_runner_heartbeat", "ts": "2026-02-27T00:20:34.132517+00:00", "event": "attempt_waiting", "attempt": 1, "heartbeat_tick": 1, "elapsed_seconds": 30.0, "request_timeout_seconds": 180.0}
scheduled-ingest	Run scheduled ingest with retry	2026-02-27T00:21:04.1330587Z {"channel": "ingest_runner_heartbeat", "ts": "2026-02-27T00:21:04.132742+00:00", "event": "attempt_waiting", "attempt": 1, "heartbeat_tick": 2, "elapsed_seconds": 60.001, "request_timeout_seconds": 180.0}
scheduled-ingest	Run scheduled ingest with retry	2026-02-27T00:21:34.1333787Z {"channel": "ingest_runner_heartbeat", "ts": "2026-02-27T00:21:34.133010+00:00", "event": "attempt_waiting", "attempt": 1, "heartbeat_tick": 3, "elapsed_seconds": 90.001, "request_timeout_seconds": 180.0}
scheduled-ingest	Run scheduled ingest with retry	2026-02-27T00:22:04.1335961Z {"channel": "ingest_runner_heartbeat", "ts": "2026-02-27T00:22:04.133266+00:00", "event": "attempt_waiting", "attempt": 1, "heartbeat_tick": 4, "elapsed_seconds": 120.001, "request_timeout_seconds": 180.0}
scheduled-ingest	Run scheduled ingest with retry	2026-02-27T00:22:34.1339056Z {"channel": "ingest_runner_heartbeat", "ts": "2026-02-27T00:22:34.133533+00:00", "event": "attempt_waiting", "attempt": 1, "heartbeat_tick": 5, "elapsed_seconds": 150.001, "request_timeout_seconds": 180.0}
scheduled-ingest	Run scheduled ingest with retry	2026-02-27T00:23:04.1340683Z {"channel": "ingest_runner_heartbeat", "ts": "2026-02-27T00:23:04.133781+00:00", "event": "attempt_waiting", "attempt": 1, "heartbeat_tick": 6, "elapsed_seconds": 180.002, "request_timeout_seconds": 180.0}
scheduled-ingest	Run scheduled ingest with retry	2026-02-27T00:23:04.2528814Z {"channel": "ingest_runner_heartbeat", "ts": "2026-02-27T00:23:04.252587+00:00", "event": "attempt_result", "attempt": 1, "http_status": null, "job_status": null, "failure_class": "timeout", "failure_type": "timeout", "cause_code": "timeout_request", "retryable": true, "duration_seconds": 180.12, "next_backoff_seconds": 5.0, "error": "ReadTimeout: timed out", "detail": null}
scheduled-ingest	Run scheduled ingest with retry	2026-02-27T00:23:04.2531038Z {"channel": "ingest_runner_heartbeat", "ts": "2026-02-27T00:23:04.252648+00:00", "event": "retry_wait", "attempt": 1, "backoff_seconds": 5.0, "next_attempt": 2}
scheduled-ingest	Run scheduled ingest with retry	2026-02-27T00:23:09.2531526Z {"channel": "ingest_runner_heartbeat", "ts": "2026-02-27T00:23:09.252807+00:00", "event": "timeout_scaled", "attempt": 2, "previous_request_timeout_seconds": 180.0, "next_request_timeout_seconds": 270.0}
scheduled-ingest	Run scheduled ingest with retry	2026-02-27T00:23:09.2533519Z {"channel": "ingest_runner_heartbeat", "ts": "2026-02-27T00:23:09.252917+00:00", "event": "attempt_start", "attempt": 2, "max_attempts": 3, "request_timeout_seconds": 270.0}
scheduled-ingest	Run scheduled ingest with retry	2026-02-27T00:23:39.2540493Z {"channel": "ingest_runner_heartbeat", "ts": "2026-02-27T00:23:39.253739+00:00", "event": "attempt_waiting", "attempt": 2, "heartbeat_tick": 1, "elapsed_seconds": 30.001, "request_timeout_seconds": 270.0}
scheduled-ingest	Run scheduled ingest with retry	2026-02-27T00:24:09.2543084Z {"channel": "ingest_runner_heartbeat", "ts": "2026-02-27T00:24:09.253994+00:00", "event": "attempt_waiting", "attempt": 2, "heartbeat_tick": 2, "elapsed_seconds": 60.001, "request_timeout_seconds": 270.0}
scheduled-ingest	Run scheduled ingest with retry	2026-02-27T00:24:39.2545609Z {"channel": "ingest_runner_heartbeat", "ts": "2026-02-27T00:24:39.254247+00:00", "event": "attempt_waiting", "attempt": 2, "heartbeat_tick": 3, "elapsed_seconds": 90.001, "request_timeout_seconds": 270.0}
scheduled-ingest	Run scheduled ingest with retry	2026-02-27T00:25:09.2548100Z {"channel": "ingest_runner_heartbeat", "ts": "2026-02-27T00:25:09.254515+00:00", "event": "attempt_waiting", "attempt": 2, "heartbeat_tick": 4, "elapsed_seconds": 120.002, "request_timeout_seconds": 270.0}
scheduled-ingest	Run scheduled ingest with retry	2026-02-27T00:25:39.2550237Z {"channel": "ingest_runner_heartbeat", "ts": "2026-02-27T00:25:39.254756+00:00", "event": "attempt_waiting", "attempt": 2, "heartbeat_tick": 5, "elapsed_seconds": 150.002, "request_timeout_seconds": 270.0}
scheduled-ingest	Run scheduled ingest with retry	2026-02-27T00:26:09.2552058Z {"channel": "ingest_runner_heartbeat", "ts": "2026-02-27T00:26:09.254959+00:00", "event": "attempt_waiting", "attempt": 2, "heartbeat_tick": 6, "elapsed_seconds": 180.002, "request_timeout_seconds": 270.0}
scheduled-ingest	Run scheduled ingest with retry	2026-02-27T00:26:39.2555345Z {"channel": "ingest_runner_heartbeat", "ts": "2026-02-27T00:26:39.255200+00:00", "event": "attempt_waiting", "attempt": 2, "heartbeat_tick": 7, "elapsed_seconds": 210.002, "request_timeout_seconds": 270.0}
scheduled-ingest	Run scheduled ingest with retry	2026-02-27T00:27:09.2557621Z {"channel": "ingest_runner_heartbeat", "ts": "2026-02-27T00:27:09.255449+00:00", "event": "attempt_waiting", "attempt": 2, "heartbeat_tick": 8, "elapsed_seconds": 240.002, "request_timeout_seconds": 270.0}
scheduled-ingest	Run scheduled ingest with retry	2026-02-27T00:27:39.2559883Z {"channel": "ingest_runner_heartbeat", "ts": "2026-02-27T00:27:39.255717+00:00", "event": "attempt_waiting", "attempt": 2, "heartbeat_tick": 9, "elapsed_seconds": 270.003, "request_timeout_seconds": 270.0}
scheduled-ingest	Run scheduled ingest with retry	2026-02-27T00:27:39.2971718Z {"channel": "ingest_runner_heartbeat", "ts": "2026-02-27T00:27:39.296911+00:00", "event": "attempt_result", "attempt": 2, "http_status": null, "job_status": null, "failure_class": "timeout", "failure_type": "timeout", "cause_code": "timeout_request", "retryable": true, "duration_seconds": 270.044, "next_backoff_seconds": 5.0, "error": "ReadTimeout: timed out", "detail": null}
scheduled-ingest	Run scheduled ingest with retry	2026-02-27T00:27:39.2973387Z {"channel": "ingest_runner_heartbeat", "ts": "2026-02-27T00:27:39.296964+00:00", "event": "retry_wait", "attempt": 2, "backoff_seconds": 5.0, "next_attempt": 3}
scheduled-ingest	Run scheduled ingest with retry	2026-02-27T00:27:44.2974729Z {"channel": "ingest_runner_heartbeat", "ts": "2026-02-27T00:27:44.297107+00:00", "event": "timeout_scaled", "attempt": 3, "previous_request_timeout_seconds": 270.0, "next_request_timeout_seconds": 360.0}
scheduled-ingest	Run scheduled ingest with retry	2026-02-27T00:27:44.2976393Z {"channel": "ingest_runner_heartbeat", "ts": "2026-02-27T00:27:44.297215+00:00", "event": "attempt_start", "attempt": 3, "max_attempts": 3, "request_timeout_seconds": 360.0}
scheduled-ingest	Run scheduled ingest with retry	2026-02-27T00:28:14.2979045Z {"channel": "ingest_runner_heartbeat", "ts": "2026-02-27T00:28:14.297578+00:00", "event": "attempt_waiting", "attempt": 3, "heartbeat_tick": 1, "elapsed_seconds": 30.0, "request_timeout_seconds": 360.0}
scheduled-ingest	Run scheduled ingest with retry	2026-02-27T00:28:44.2981315Z {"channel": "ingest_runner_heartbeat", "ts": "2026-02-27T00:28:44.297815+00:00", "event": "attempt_waiting", "attempt": 3, "heartbeat_tick": 2, "elapsed_seconds": 60.001, "request_timeout_seconds": 360.0}
scheduled-ingest	Run scheduled ingest with retry	2026-02-27T00:29:14.2983401Z {"channel": "ingest_runner_heartbeat", "ts": "2026-02-27T00:29:14.298033+00:00", "event": "attempt_waiting", "attempt": 3, "heartbeat_tick": 3, "elapsed_seconds": 90.001, "request_timeout_seconds": 360.0}
scheduled-ingest	Run scheduled ingest with retry	2026-02-27T00:29:44.2986296Z {"channel": "ingest_runner_heartbeat", "ts": "2026-02-27T00:29:44.298280+00:00", "event": "attempt_waiting", "attempt": 3, "heartbeat_tick": 4, "elapsed_seconds": 120.001, "request_timeout_seconds": 360.0}
scheduled-ingest	Run scheduled ingest with retry	2026-02-27T00:30:14.2988884Z {"channel": "ingest_runner_heartbeat", "ts": "2026-02-27T00:30:14.298529+00:00", "event": "attempt_waiting", "attempt": 3, "heartbeat_tick": 5, "elapsed_seconds": 150.001, "request_timeout_seconds": 360.0}
scheduled-ingest	Run scheduled ingest with retry	2026-02-27T00:30:44.2991377Z {"channel": "ingest_runner_heartbeat", "ts": "2026-02-27T00:30:44.298786+00:00", "event": "attempt_waiting", "attempt": 3, "heartbeat_tick": 6, "elapsed_seconds": 180.002, "request_timeout_seconds": 360.0}
scheduled-ingest	Run scheduled ingest with retry	2026-02-27T00:31:14.2993719Z {"channel": "ingest_runner_heartbeat", "ts": "2026-02-27T00:31:14.299050+00:00", "event": "attempt_waiting", "attempt": 3, "heartbeat_tick": 7, "elapsed_seconds": 210.002, "request_timeout_seconds": 360.0}
scheduled-ingest	Run scheduled ingest with retry	2026-02-27T00:31:44.2996837Z {"channel": "ingest_runner_heartbeat", "ts": "2026-02-27T00:31:44.299330+00:00", "event": "attempt_waiting", "attempt": 3, "heartbeat_tick": 8, "elapsed_seconds": 240.002, "request_timeout_seconds": 360.0}
scheduled-ingest	Run scheduled ingest with retry	2026-02-27T00:32:14.2998420Z {"channel": "ingest_runner_heartbeat", "ts": "2026-02-27T00:32:14.299561+00:00", "event": "attempt_waiting", "attempt": 3, "heartbeat_tick": 9, "elapsed_seconds": 270.002, "request_timeout_seconds": 360.0}
scheduled-ingest	Run scheduled ingest with retry	2026-02-27T00:32:44.3000967Z {"channel": "ingest_runner_heartbeat", "ts": "2026-02-27T00:32:44.299810+00:00", "event": "attempt_waiting", "attempt": 3, "heartbeat_tick": 10, "elapsed_seconds": 300.003, "request_timeout_seconds": 360.0}
scheduled-ingest	Run scheduled ingest with retry	2026-02-27T00:33:14.3003944Z {"channel": "ingest_runner_heartbeat", "ts": "2026-02-27T00:33:14.300067+00:00", "event": "attempt_waiting", "attempt": 3, "heartbeat_tick": 11, "elapsed_seconds": 330.003, "request_timeout_seconds": 360.0}
scheduled-ingest	Run scheduled ingest with retry	2026-02-27T00:33:44.3006949Z {"channel": "ingest_runner_heartbeat", "ts": "2026-02-27T00:33:44.300342+00:00", "event": "attempt_waiting", "attempt": 3, "heartbeat_tick": 12, "elapsed_seconds": 360.003, "request_timeout_seconds": 360.0}
scheduled-ingest	Run scheduled ingest with retry	2026-02-27T00:33:44.4162381Z {"channel": "ingest_runner_heartbeat", "ts": "2026-02-27T00:33:44.415976+00:00", "event": "attempt_result", "attempt": 3, "http_status": null, "job_status": null, "failure_class": "timeout", "failure_type": "timeout", "cause_code": "timeout_request", "retryable": true, "duration_seconds": 360.119, "next_backoff_seconds": null, "error": "ReadTimeout: timed out", "detail": null}
scheduled-ingest	Run scheduled ingest with retry	2026-02-27T00:33:44.4164426Z {"channel": "ingest_runner_heartbeat", "ts": "2026-02-27T00:33:44.416046+00:00", "event": "run_end", "success": false, "elapsed_seconds": 820.284, "attempt_count": 3, "failure_class": "timeout", "failure_type": "timeout", "cause_code": "timeout_request", "failure_reason": "timeout: ReadTimeout: timed out"}
scheduled-ingest	Run scheduled ingest with retry	2026-02-27T00:33:44.4204932Z {"success": false, "raw_success": false, "report": "data/ingest_schedule_report.json", "attempt_count": 3, "failure_class": "timeout", "failure_type": "timeout", "cause_code": "timeout_request", "failure_reason": "timeout: ReadTimeout: timed out", "last_attempt": {"attempt": 3, "http_status": null, "job_status": null, "cause_code": "timeout_request", "error": "ReadTimeout: timed out", "detail": null}, "dead_letter_path": "data/dead_letter/ingest_dead_letter_20260227T003344Z_timeout.json", "classification_artifact": "data/ingest_schedule_failure_classification.json", "comment_template_path": "data/ingest_schedule_failure_comment_template.md", "elapsed_seconds": 820.288}
scheduled-ingest	Run scheduled ingest with retry	2026-02-27T00:33:44.4441444Z ##[error]Process completed with exit code 1.
